01-08-2024, 12:07:48: Reset 	 	 sources 	 
01-08-2024, 12:08:55: Reset 	 	 sources 	 
07-08-2024, 11:58:36: Next 	 	 Job	 
07-08-2024, 11:58:36: 20064_52999	https://www.manscaped.com/blogs/style/top-5-traits-of-a-confident-alpha-male	update result
07-08-2024, 11:59:28: 26195_46755	https://www.youtube.com/watch?v=zHV4-W5BVS8	1	
07-08-2024, 12:00:05: 26199_50899	https://www.reddit.com/r/berlinsocialclub/comments/183hjr8/the_pick_up_artists_are_getting_out_of_hand_how/	1	
07-08-2024, 12:00:05: 20173_43398	https://boldman.de/was-heisst-sigma/	update result
07-08-2024, 12:00:06: 24819_49254	https://www.marriage.com/advice/relationship/deal-alpha-female-in-a-relationship/	update result
07-08-2024, 12:00:43: Next 	 	 Job	 
07-08-2024, 12:00:43: 22154_55099	https://thoughtcatalog.com/shahida-arabi/2023/05/11-key-things-high-value-men-do-differently-from-narcissists/	update result
07-08-2024, 12:00:44: 24819_40741	https://www.marriage.com/advice/relationship/deal-alpha-female-in-a-relationship/	update result
07-08-2024, 12:00:45: 19848_52894	https://nymag.com/article/2016/05/the-rise-of-the-alpha-beta-male.html	update result
07-08-2024, 12:01:32: 26202_50900	https://www.fzs.de/2016/03/02/kritik-an-pick-up-artists/	1	
07-08-2024, 12:01:33: 19779_46831	https://www.amazon.com/Andrew-Tate-Alpha-Masculinity-Confidence/dp/B0C2RW1VW5	update result
07-08-2024, 13:50:44: Next 	 	 Job	 
07-08-2024, 13:50:45: 23942_56075	https://vxnlifestyle.com/sigma-male-are-you-that-man/	update result
07-08-2024, 13:50:46: 21093_49596	https://www.glamour.de/artikel/andrew-tate-alpha-male-movement-tiktok-hintergrund	update result
07-08-2024, 13:52:21: 26378_46759	https://www.zellalife.com/blog/Alpha-Male-Vs-Beta-Male,-Here-Are-5-Male-Personality-Types-That-Decide-Your-Characteristic-Traits/#:~:text=In%20summary%2C%20the%20alpha%20male,in%20various%20aspects%20of%20life.	1	
07-08-2024, 13:52:22: 20534_54823	https://lorridudley.com/alpha-and-beta-males-need-not-apply/	update result
07-08-2024, 13:53:08: 26381_50860	https://www.discovermagazine.com/planet-earth/the-science-of-alpha-males-in-animal-species	1	
07-08-2024, 13:53:24: Next 	 	 Job	 
07-08-2024, 13:55:21: 26383_57686	https://www.promescent.com/blogs/learn/becoming-an-alpha-male	1	
07-08-2024, 13:56:03: 26388_49560	https://en.wikipedia.org/wiki/Beta	1	
07-08-2024, 13:56:03: 20279_52224	https://www.pinterest.com/pin/become-a-high-value-man-how-to-better-yourself-in-2021--333055334950400190/	update result
07-08-2024, 13:56:45: 26390_45292	https://www.urbandictionary.com/define.php?term=female%20alpha	1	
07-08-2024, 13:57:19: 26394_56730	https://music.amazon.de/artists/B0D6Z3F7BK/femoid	1	
