72497
/home/sebastian/Dokumente/GitHub/rat/backend/sources/jobs/job_sources.py
155902
python /home/sebastian/Dokumente/GitHub/rat/backend/sources/sources_scraper.py
155902
python /home/sebastian/Dokumente/GitHub/rat/backend/sources/sources_scraper.py
155903
/home/sebastian/Dokumente/GitHub/rat/backend/sources/sources_scraper.py
155903
/home/sebastian/Dokumente/GitHub/rat/backend/sources/sources_scraper.py
155942
--headless=new
155968
--headless=new
155969
--headless=new
155994
--headless=new
156119
python /home/sebastian/Dokumente/GitHub/rat/backend/sources/sources_scraper.py
156119
python /home/sebastian/Dokumente/GitHub/rat/backend/sources/sources_scraper.py
156120
/home/sebastian/Dokumente/GitHub/rat/backend/sources/sources_scraper.py
156120
/home/sebastian/Dokumente/GitHub/rat/backend/sources/sources_scraper.py
156145
--headless=new
156171
--headless=new
156172
--headless=new
156194
--headless=new
Traceback (most recent call last):
  File "/home/sebastian/Dokumente/GitHub/rat/backend/backend_controller_stop.py", line 120, in <module>
    delete_source_pending(source_id)
  File "/home/sebastian/Dokumente/GitHub/rat/backend/backend_controller_stop.py", line 96, in delete_source_pending
    conn =  psycopg2.connect(**db_conn)
            ^^^^^^^^^^^^^^^^^^^^^^^^^^^
  File "/home/sebastian/rat/lib/python3.11/site-packages/psycopg2/__init__.py", line 122, in connect
    conn = _connect(dsn, connection_factory=connection_factory, **kwasync)
           ^^^^^^^^^^^^^^^^^^^^^^^^^^^^^^^^^^^^^^^^^^^^^^^^^^^^^^^^^^^^^^^
KeyboardInterrupt
